<!DOCTYPE html PUBLIC "-//W3C//DTD XHTML 1.1//EN" "http://www.w3.org/TR/xhtml11/DTD/xhtml11.dtd">
<html xmlns="http://www.w3.org/1999/xhtml">
<head>
<meta http-equiv="content-type" content="text/html; charset=UTF-8"/>
<title>TestNG Report</title>
<style type="text/css">table {margin-bottom:10px;border-collapse:collapse;empty-cells:show}th,td {border:1px solid #009;padding:.25em .5em}th {vertical-align:bottom}td {vertical-align:top}table a {font-weight:bold}.stripe td {background-color: #E6EBF9}.num {text-align:right}.passedodd td {background-color: #3F3}.passedeven td {background-color: #0A0}.skippedodd td {background-color: #DDD}.skippedeven td {background-color: #CCC}.failedodd td,.attn {background-color: #F33}.failedeven td,.stripe .attn {background-color: #D00}.stacktrace {white-space:pre;font-family:monospace}.totop {font-size:85%;text-align:center;border-bottom:2px solid #000}.invisible {display:none}</style>
</head>
<body>
<table>
<tr><th>Test</th><th># Passed</th><th># Skipped</th><th># Failed</th><th>Time (ms)</th><th>Included Groups</th><th>Excluded Groups</th></tr>
<tr><th colspan="7">All Test Suite</th></tr>
<tr><td><a href="#t0">/Users/ratnajalla/testNgProject</a></td><td class="num">18</td><td class="num">0</td><td class="num attn">2</td><td class="num">17,964</td><td></td><td></td></tr>
</table>
<table id='summary'><thead><tr><th>Class</th><th>Method</th><th>Start</th><th>Time (ms)</th></tr></thead><tbody><tr><th colspan="4">All Test Suite</th></tr></tbody><tbody id="t0"><tr><th colspan="4">/Users/ratnajalla/testNgProject &#8212; failed</th></tr><tr class="failedeven"><td rowspan="2">com.RetryLogic.RetryLogicTest</td><td><a href="#m0">test1</a></td><td rowspan="1">1520965248407</td><td rowspan="1">3</td></tr><tr class="failedeven"><td><a href="#m1">test2</a></td><td rowspan="1">1520965248414</td><td rowspan="1">0</td></tr><tr><th colspan="4">/Users/ratnajalla/testNgProject &#8212; passed</th></tr><tr class="passedeven"><td rowspan="2">com.Parameters.ParameterTest</td><td><a href="#m2">paranterMethod</a></td><td rowspan="1">1520965245921</td><td rowspan="1">2164</td></tr><tr class="passedeven"><td><a href="#m3">testMethod</a></td><td rowspan="1">1520965248086</td><td rowspan="1">244</td></tr><tr class="passedodd"><td rowspan="6">com.dataProvider.test.dataprovider</td><td><a href="#m4">testDataMethod</a></td><td rowspan="6">1520965263197</td><td rowspan="6">526</td></tr><tr class="passedodd"><td><a href="#m5">testDataMethod</a></td></tr><tr class="passedodd"><td><a href="#m6">testDataMethod</a></td></tr><tr class="passedodd"><td><a href="#m7">testDataMethod</a></td></tr><tr class="passedodd"><td><a href="#m8">testDataMethod</a></td></tr><tr class="passedodd"><td><a href="#m9">testDataMethod</a></td></tr><tr class="passedeven"><td rowspan="1">com.test.ExceptionTimeOutTest</td><td><a href="#m10">infiniteLoopTest</a></td><td rowspan="1">1520965263799</td><td rowspan="1">0</td></tr><tr class="passedodd"><td rowspan="5">com.test.InvocationCount</td><td><a href="#m11">sumInt</a></td><td rowspan="5">1520965263801</td><td rowspan="5">0</td></tr><tr class="passedodd"><td><a href="#m12">sumInt</a></td></tr><tr class="passedodd"><td><a href="#m13">sumInt</a></td></tr><tr class="passedodd"><td><a href="#m14">sumInt</a></td></tr><tr class="passedodd"><td><a href="#m15">sumInt</a></td></tr><tr class="passedeven"><td rowspan="1">com.test.ReadExcel</td><td><a href="#m16">readExcel</a></td><td rowspan="1">1520965263801</td><td rowspan="1">39</td></tr><tr class="passedodd"><td rowspan="2">com.test.ReadExcel1</td><td><a href="#m17">readExcel</a></td><td rowspan="1">1520965263840</td><td rowspan="1">15</td></tr><tr class="passedodd"><td><a href="#m18">testArray</a></td><td rowspan="1">1520965263856</td><td rowspan="1">0</td></tr><tr class="passedeven"><td rowspan="1">com.test.TestngFeatures</td><td><a href="#m19">loginTest</a></td><td rowspan="1">1520965263857</td><td rowspan="1">0</td></tr></tbody>
</table>
<h2>/Users/ratnajalla/testNgProject</h2><h3 id="m0">com.RetryLogic.RetryLogicTest#test1</h3><table class="result"><tr><th>Exception</th></tr><tr><td><div class="stacktrace">java.lang.AssertionError: expected [false] but found [true]
	at org.testng.Assert.fail(Assert.java:96)
	at org.testng.Assert.failNotEquals(Assert.java:776)
	at org.testng.Assert.assertEqualsImpl(Assert.java:137)
	at org.testng.Assert.assertEquals(Assert.java:118)
	at org.testng.Assert.assertEquals(Assert.java:453)
	at org.testng.Assert.assertEquals(Assert.java:463)
	at com.RetryLogic.RetryLogicTest.test1(RetryLogicTest.java:11)
	at sun.reflect.NativeMethodAccessorImpl.invoke0(Native Method)
	at sun.reflect.NativeMethodAccessorImpl.invoke(NativeMethodAccessorImpl.java:62)
	at sun.reflect.DelegatingMethodAccessorImpl.invoke(DelegatingMethodAccessorImpl.java:43)
	at java.lang.reflect.Method.invoke(Method.java:498)
	at org.testng.internal.MethodInvocationHelper.invokeMethod(MethodInvocationHelper.java:124)
	at org.testng.internal.Invoker.invokeMethod(Invoker.java:580)
	at org.testng.internal.Invoker.invokeTestMethod(Invoker.java:716)
	at org.testng.internal.Invoker.invokeTestMethods(Invoker.java:988)
	at org.testng.internal.TestMethodWorker.invokeTestMethods(TestMethodWorker.java:125)
	at org.testng.internal.TestMethodWorker.run(TestMethodWorker.java:109)
	at org.testng.TestRunner.privateRun(TestRunner.java:648)
	at org.testng.TestRunner.run(TestRunner.java:505)
	at org.testng.SuiteRunner.runTest(SuiteRunner.java:455)
	at org.testng.SuiteRunner.runSequentially(SuiteRunner.java:450)
	at org.testng.SuiteRunner.privateRun(SuiteRunner.java:415)
	at org.testng.SuiteRunner.run(SuiteRunner.java:364)
	at org.testng.SuiteRunnerWorker.runSuite(SuiteRunnerWorker.java:52)
	at org.testng.SuiteRunnerWorker.run(SuiteRunnerWorker.java:84)
	at org.testng.TestNG.runSuitesSequentially(TestNG.java:1208)
	at org.testng.TestNG.runSuitesLocally(TestNG.java:1137)
	at org.testng.TestNG.runSuites(TestNG.java:1049)
	at org.testng.TestNG.run(TestNG.java:1017)
	at org.testng.IDEARemoteTestNG.run(IDEARemoteTestNG.java:72)
	at org.testng.RemoteTestNGStarter.main(RemoteTestNGStarter.java:123)
</div></td></tr></table><p class="totop"><a href="#summary">back to summary</a></p>
<h3 id="m1">com.RetryLogic.RetryLogicTest#test2</h3><table class="result"><tr><th>Exception</th></tr><tr><td><div class="stacktrace">java.lang.AssertionError: expected [false] but found [true]
	at org.testng.Assert.fail(Assert.java:96)
	at org.testng.Assert.failNotEquals(Assert.java:776)
	at org.testng.Assert.assertEqualsImpl(Assert.java:137)
	at org.testng.Assert.assertEquals(Assert.java:118)
	at org.testng.Assert.assertEquals(Assert.java:453)
	at org.testng.Assert.assertEquals(Assert.java:463)
	at com.RetryLogic.RetryLogicTest.test2(RetryLogicTest.java:16)
	at sun.reflect.NativeMethodAccessorImpl.invoke0(Native Method)
	at sun.reflect.NativeMethodAccessorImpl.invoke(NativeMethodAccessorImpl.java:62)
	at sun.reflect.DelegatingMethodAccessorImpl.invoke(DelegatingMethodAccessorImpl.java:43)
	at java.lang.reflect.Method.invoke(Method.java:498)
	at org.testng.internal.MethodInvocationHelper.invokeMethod(MethodInvocationHelper.java:124)
	at org.testng.internal.Invoker.invokeMethod(Invoker.java:580)
	at org.testng.internal.Invoker.invokeTestMethod(Invoker.java:716)
	at org.testng.internal.Invoker.invokeTestMethods(Invoker.java:988)
	at org.testng.internal.TestMethodWorker.invokeTestMethods(TestMethodWorker.java:125)
	at org.testng.internal.TestMethodWorker.run(TestMethodWorker.java:109)
	at org.testng.TestRunner.privateRun(TestRunner.java:648)
	at org.testng.TestRunner.run(TestRunner.java:505)
	at org.testng.SuiteRunner.runTest(SuiteRunner.java:455)
	at org.testng.SuiteRunner.runSequentially(SuiteRunner.java:450)
	at org.testng.SuiteRunner.privateRun(SuiteRunner.java:415)
	at org.testng.SuiteRunner.run(SuiteRunner.java:364)
	at org.testng.SuiteRunnerWorker.runSuite(SuiteRunnerWorker.java:52)
	at org.testng.SuiteRunnerWorker.run(SuiteRunnerWorker.java:84)
	at org.testng.TestNG.runSuitesSequentially(TestNG.java:1208)
	at org.testng.TestNG.runSuitesLocally(TestNG.java:1137)
	at org.testng.TestNG.runSuites(TestNG.java:1049)
	at org.testng.TestNG.run(TestNG.java:1017)
	at org.testng.IDEARemoteTestNG.run(IDEARemoteTestNG.java:72)
	at org.testng.RemoteTestNGStarter.main(RemoteTestNGStarter.java:123)
</div></td></tr></table><p class="totop"><a href="#summary">back to summary</a></p>
<h3 id="m2">com.Parameters.ParameterTest#paranterMethod</h3><table class="result"><tr class="param"><th>Parameter #1</th></tr><tr class="param stripe"><td>https://login.yahoo.com/?authMechanism=primary\&amp;done=https%3A%2F%2Fwww.yahoo.com%2F\&amp;eid=100\&amp;as=1\&amp;login=jalla_madhavi\&amp;crumb=V9ncILcrOZc</td></tr></table><p class="totop"><a href="#summary">back to summary</a></p>
<h3 id="m3">com.Parameters.ParameterTest#testMethod</h3><table class="result"><tr class="param"><th>Parameter #1</th></tr><tr class="param stripe"><td>jalla_madhavi@yahoo.com</td></tr></table><p class="totop"><a href="#summary">back to summary</a></p>
<h3 id="m4">com.dataProvider.test.dataprovider#testDataMethod</h3><table class="result"><tr class="param"><th>Parameter #1</th><th>Parameter #2</th><th>Parameter #3</th><th>Parameter #4</th></tr><tr class="param stripe"><td>Kelly</td><td>Clarks</td><td>kClarks@gmail.com</td><td>WesternkClarks123</td></tr></table><p class="totop"><a href="#summary">back to summary</a></p>
<h3 id="m5">com.dataProvider.test.dataprovider#testDataMethod</h3><table class="result"><tr class="param"><th>Parameter #1</th><th>Parameter #2</th><th>Parameter #3</th><th>Parameter #4</th></tr><tr class="param stripe"><td>Tim</td><td>Cooks</td><td>tCooks@gmail.com</td><td>WesterntCooks123</td></tr></table><p class="totop"><a href="#summary">back to summary</a></p>
<h3 id="m6">com.dataProvider.test.dataprovider#testDataMethod</h3><table class="result"><tr class="param"><th>Parameter #1</th><th>Parameter #2</th><th>Parameter #3</th><th>Parameter #4</th></tr><tr class="param stripe"><td>Samantha</td><td>Jones</td><td>sJones@gmail.com</td><td>Westernjones123</td></tr></table><p class="totop"><a href="#summary">back to summary</a></p>
<h3 id="m7">com.dataProvider.test.dataprovider#testDataMethod</h3><table class="result"><tr class="param"><th>Parameter #1</th><th>Parameter #2</th><th>Parameter #3</th><th>Parameter #4</th></tr><tr class="param stripe"><td>James</td><td>Bond</td><td>jBond@gmail.com</td><td>jBond123</td></tr></table><p class="totop"><a href="#summary">back to summary</a></p>
<h3 id="m8">com.dataProvider.test.dataprovider#testDataMethod</h3><table class="result"><tr class="param"><th>Parameter #1</th><th>Parameter #2</th><th>Parameter #3</th><th>Parameter #4</th></tr><tr class="param stripe"><td>Tom </td><td>Brooks</td><td>tbrooks@gmail.com</td><td>Western123</td></tr></table><p class="totop"><a href="#summary">back to summary</a></p>
<h3 id="m9">com.dataProvider.test.dataprovider#testDataMethod</h3><table class="result"><tr class="param"><th>Parameter #1</th><th>Parameter #2</th><th>Parameter #3</th><th>Parameter #4</th></tr><tr class="param stripe"><td>Jerry</td><td>Brown</td><td>jBrown@gmail.com</td><td>WesternjBrown123</td></tr></table><p class="totop"><a href="#summary">back to summary</a></p>
<h3 id="m10">com.test.ExceptionTimeOutTest#infiniteLoopTest</h3><table class="result"><tr><th>Expected Exception</th></tr><tr><td><div class="stacktrace">java.lang.NumberFormatException: For input string: &quot;1C&quot;
	at java.lang.NumberFormatException.forInputString(NumberFormatException.java:65)
	at java.lang.Integer.parseInt(Integer.java:580)
	at java.lang.Integer.parseInt(Integer.java:615)
	at com.test.ExceptionTimeOutTest.infiniteLoopTest(ExceptionTimeOutTest.java:13)
	at sun.reflect.NativeMethodAccessorImpl.invoke0(Native Method)
	at sun.reflect.NativeMethodAccessorImpl.invoke(NativeMethodAccessorImpl.java:62)
	at sun.reflect.DelegatingMethodAccessorImpl.invoke(DelegatingMethodAccessorImpl.java:43)
	at java.lang.reflect.Method.invoke(Method.java:498)
	at org.testng.internal.MethodInvocationHelper.invokeMethod(MethodInvocationHelper.java:124)
	at org.testng.internal.Invoker.invokeMethod(Invoker.java:580)
	at org.testng.internal.Invoker.invokeTestMethod(Invoker.java:716)
	at org.testng.internal.Invoker.invokeTestMethods(Invoker.java:988)
	at org.testng.internal.TestMethodWorker.invokeTestMethods(TestMethodWorker.java:125)
	at org.testng.internal.TestMethodWorker.run(TestMethodWorker.java:109)
	at org.testng.TestRunner.privateRun(TestRunner.java:648)
	at org.testng.TestRunner.run(TestRunner.java:505)
	at org.testng.SuiteRunner.runTest(SuiteRunner.java:455)
	at org.testng.SuiteRunner.runSequentially(SuiteRunner.java:450)
	at org.testng.SuiteRunner.privateRun(SuiteRunner.java:415)
	at org.testng.SuiteRunner.run(SuiteRunner.java:364)
	at org.testng.SuiteRunnerWorker.runSuite(SuiteRunnerWorker.java:52)
	at org.testng.SuiteRunnerWorker.run(SuiteRunnerWorker.java:84)
	at org.testng.TestNG.runSuitesSequentially(TestNG.java:1208)
	at org.testng.TestNG.runSuitesLocally(TestNG.java:1137)
	at org.testng.TestNG.runSuites(TestNG.java:1049)
	at org.testng.TestNG.run(TestNG.java:1017)
	at org.testng.IDEARemoteTestNG.run(IDEARemoteTestNG.java:72)
	at org.testng.RemoteTestNGStarter.main(RemoteTestNGStarter.java:123)
</div></td></tr></table><p class="totop"><a href="#summary">back to summary</a></p>
<h3 id="m11">com.test.InvocationCount#sumInt</h3><table class="result"><tr><th class="invisible"/></tr></table><p class="totop"><a href="#summary">back to summary</a></p>
<h3 id="m12">com.test.InvocationCount#sumInt</h3><table class="result"><tr><th class="invisible"/></tr></table><p class="totop"><a href="#summary">back to summary</a></p>
<h3 id="m13">com.test.InvocationCount#sumInt</h3><table class="result"><tr><th class="invisible"/></tr></table><p class="totop"><a href="#summary">back to summary</a></p>
<h3 id="m14">com.test.InvocationCount#sumInt</h3><table class="result"><tr><th class="invisible"/></tr></table><p class="totop"><a href="#summary">back to summary</a></p>
<h3 id="m15">com.test.InvocationCount#sumInt</h3><table class="result"><tr><th class="invisible"/></tr></table><p class="totop"><a href="#summary">back to summary</a></p>
<h3 id="m16">com.test.ReadExcel#readExcel</h3><table class="result"><tr><th class="invisible"/></tr></table><p class="totop"><a href="#summary">back to summary</a></p>
<h3 id="m17">com.test.ReadExcel1#readExcel</h3><table class="result"><tr><th class="invisible"/></tr></table><p class="totop"><a href="#summary">back to summary</a></p>
<h3 id="m18">com.test.ReadExcel1#testArray</h3><table class="result"><tr><th class="invisible"/></tr></table><p class="totop"><a href="#summary">back to summary</a></p>
<h3 id="m19">com.test.TestngFeatures#loginTest</h3><table class="result"><tr><th class="invisible"/></tr></table><p class="totop"><a href="#summary">back to summary</a></p>
</body>
</html>
