<?xml version="1.0" encoding="UTF-8"?>
<testng-results skipped="0" failed="2" ignored="0" total="20" passed="18">
  <reporter-output>
  </reporter-output>
  <suite name="All Test Suite" duration-ms="17964" started-at="2018-03-13T18:20:45Z" finished-at="2018-03-13T18:21:03Z">
    <groups>
      <group name="Logo Verification">
        <method signature="GoogleTest.verifyLogo()[pri:2, instance:com.test.GoogleTest@6fadae5d]" name="verifyLogo" class="com.test.GoogleTest"/>
        <method signature="GoogleTest.verifyLogo1()[pri:5, instance:com.test.GoogleTest@6fadae5d]" name="verifyLogo1" class="com.test.GoogleTest"/>
      </group> <!-- Logo Verification -->
      <group name="Title Verification">
        <method signature="GoogleTest.verifyPageTile()[pri:1, instance:com.test.GoogleTest@6fadae5d]" name="verifyPageTile" class="com.test.GoogleTest"/>
        <method signature="GoogleTest.verifyPageTile1()[pri:4, instance:com.test.GoogleTest@6fadae5d]" name="verifyPageTile1" class="com.test.GoogleTest"/>
      </group> <!-- Title Verification -->
      <group name="LinkCheck">
        <method signature="GoogleTest.linkCheck()[pri:3, instance:com.test.GoogleTest@6fadae5d]" name="linkCheck" class="com.test.GoogleTest"/>
        <method signature="GoogleTest.linkCheck1()[pri:6, instance:com.test.GoogleTest@6fadae5d]" name="linkCheck1" class="com.test.GoogleTest"/>
      </group> <!-- LinkCheck -->
    </groups>
    <test name="/Users/ratnajalla/testNgProject" duration-ms="17964" started-at="2018-03-13T18:20:45Z" finished-at="2018-03-13T18:21:03Z">
      <class name="com.test.ReadExcel">
        <test-method status="PASS" signature="readExcel()[pri:0, instance:com.test.ReadExcel@2d6e8792]" name="readExcel" duration-ms="39" started-at="2018-03-13T18:21:03Z" finished-at="2018-03-13T18:21:03Z">
          <reporter-output>
          </reporter-output>
        </test-method> <!-- readExcel -->
      </class> <!-- com.test.ReadExcel -->
      <class name="com.test.ReadExcel1">
        <test-method status="PASS" signature="readExcel()[pri:0, instance:com.test.ReadExcel1@2812cbfa]" name="readExcel" duration-ms="15" started-at="2018-03-13T18:21:03Z" finished-at="2018-03-13T18:21:03Z">
          <reporter-output>
          </reporter-output>
        </test-method> <!-- readExcel -->
        <test-method status="PASS" signature="testArray()[pri:0, instance:com.test.ReadExcel1@2812cbfa]" name="testArray" duration-ms="0" started-at="2018-03-13T18:21:03Z" finished-at="2018-03-13T18:21:03Z">
          <reporter-output>
          </reporter-output>
        </test-method> <!-- testArray -->
      </class> <!-- com.test.ReadExcel1 -->
      <class name="com.RetryLogic.RetryLogicTest">
        <test-method status="FAIL" signature="test1()[pri:0, instance:com.RetryLogic.RetryLogicTest@59a6e353]" name="test1" duration-ms="3" started-at="2018-03-13T18:20:48Z" finished-at="2018-03-13T18:20:48Z">
          <exception class="java.lang.AssertionError">
            <message>
              <![CDATA[expected [false] but found [true]]]>
            </message>
            <full-stacktrace>
              <![CDATA[java.lang.AssertionError: expected [false] but found [true]
at org.testng.Assert.fail(Assert.java:96)
at org.testng.Assert.failNotEquals(Assert.java:776)
at org.testng.Assert.assertEqualsImpl(Assert.java:137)
at org.testng.Assert.assertEquals(Assert.java:118)
at org.testng.Assert.assertEquals(Assert.java:453)
at org.testng.Assert.assertEquals(Assert.java:463)
at com.RetryLogic.RetryLogicTest.test1(RetryLogicTest.java:11)
at sun.reflect.NativeMethodAccessorImpl.invoke0(Native Method)
at sun.reflect.NativeMethodAccessorImpl.invoke(NativeMethodAccessorImpl.java:62)
at sun.reflect.DelegatingMethodAccessorImpl.invoke(DelegatingMethodAccessorImpl.java:43)
at java.lang.reflect.Method.invoke(Method.java:498)
at org.testng.internal.MethodInvocationHelper.invokeMethod(MethodInvocationHelper.java:124)
at org.testng.internal.Invoker.invokeMethod(Invoker.java:580)
at org.testng.internal.Invoker.invokeTestMethod(Invoker.java:716)
at org.testng.internal.Invoker.invokeTestMethods(Invoker.java:988)
at org.testng.internal.TestMethodWorker.invokeTestMethods(TestMethodWorker.java:125)
at org.testng.internal.TestMethodWorker.run(TestMethodWorker.java:109)
at org.testng.TestRunner.privateRun(TestRunner.java:648)
at org.testng.TestRunner.run(TestRunner.java:505)
at org.testng.SuiteRunner.runTest(SuiteRunner.java:455)
at org.testng.SuiteRunner.runSequentially(SuiteRunner.java:450)
at org.testng.SuiteRunner.privateRun(SuiteRunner.java:415)
at org.testng.SuiteRunner.run(SuiteRunner.java:364)
at org.testng.SuiteRunnerWorker.runSuite(SuiteRunnerWorker.java:52)
at org.testng.SuiteRunnerWorker.run(SuiteRunnerWorker.java:84)
at org.testng.TestNG.runSuitesSequentially(TestNG.java:1208)
at org.testng.TestNG.runSuitesLocally(TestNG.java:1137)
at org.testng.TestNG.runSuites(TestNG.java:1049)
at org.testng.TestNG.run(TestNG.java:1017)
at org.testng.IDEARemoteTestNG.run(IDEARemoteTestNG.java:72)
at org.testng.RemoteTestNGStarter.main(RemoteTestNGStarter.java:123)
]]>
            </full-stacktrace>
          </exception> <!-- java.lang.AssertionError -->
          <reporter-output>
          </reporter-output>
        </test-method> <!-- test1 -->
        <test-method status="FAIL" signature="test2()[pri:0, instance:com.RetryLogic.RetryLogicTest@59a6e353]" name="test2" duration-ms="0" started-at="2018-03-13T18:20:48Z" finished-at="2018-03-13T18:20:48Z">
          <exception class="java.lang.AssertionError">
            <message>
              <![CDATA[expected [false] but found [true]]]>
            </message>
            <full-stacktrace>
              <![CDATA[java.lang.AssertionError: expected [false] but found [true]
at org.testng.Assert.fail(Assert.java:96)
at org.testng.Assert.failNotEquals(Assert.java:776)
at org.testng.Assert.assertEqualsImpl(Assert.java:137)
at org.testng.Assert.assertEquals(Assert.java:118)
at org.testng.Assert.assertEquals(Assert.java:453)
at org.testng.Assert.assertEquals(Assert.java:463)
at com.RetryLogic.RetryLogicTest.test2(RetryLogicTest.java:16)
at sun.reflect.NativeMethodAccessorImpl.invoke0(Native Method)
at sun.reflect.NativeMethodAccessorImpl.invoke(NativeMethodAccessorImpl.java:62)
at sun.reflect.DelegatingMethodAccessorImpl.invoke(DelegatingMethodAccessorImpl.java:43)
at java.lang.reflect.Method.invoke(Method.java:498)
at org.testng.internal.MethodInvocationHelper.invokeMethod(MethodInvocationHelper.java:124)
at org.testng.internal.Invoker.invokeMethod(Invoker.java:580)
at org.testng.internal.Invoker.invokeTestMethod(Invoker.java:716)
at org.testng.internal.Invoker.invokeTestMethods(Invoker.java:988)
at org.testng.internal.TestMethodWorker.invokeTestMethods(TestMethodWorker.java:125)
at org.testng.internal.TestMethodWorker.run(TestMethodWorker.java:109)
at org.testng.TestRunner.privateRun(TestRunner.java:648)
at org.testng.TestRunner.run(TestRunner.java:505)
at org.testng.SuiteRunner.runTest(SuiteRunner.java:455)
at org.testng.SuiteRunner.runSequentially(SuiteRunner.java:450)
at org.testng.SuiteRunner.privateRun(SuiteRunner.java:415)
at org.testng.SuiteRunner.run(SuiteRunner.java:364)
at org.testng.SuiteRunnerWorker.runSuite(SuiteRunnerWorker.java:52)
at org.testng.SuiteRunnerWorker.run(SuiteRunnerWorker.java:84)
at org.testng.TestNG.runSuitesSequentially(TestNG.java:1208)
at org.testng.TestNG.runSuitesLocally(TestNG.java:1137)
at org.testng.TestNG.runSuites(TestNG.java:1049)
at org.testng.TestNG.run(TestNG.java:1017)
at org.testng.IDEARemoteTestNG.run(IDEARemoteTestNG.java:72)
at org.testng.RemoteTestNGStarter.main(RemoteTestNGStarter.java:123)
]]>
            </full-stacktrace>
          </exception> <!-- java.lang.AssertionError -->
          <reporter-output>
          </reporter-output>
        </test-method> <!-- test2 -->
      </class> <!-- com.RetryLogic.RetryLogicTest -->
      <class name="com.test.InvocationCount">
        <test-method status="PASS" signature="sumInt()[pri:0, instance:com.test.InvocationCount@17f6480]" name="sumInt" duration-ms="1" started-at="2018-03-13T18:21:03Z" finished-at="2018-03-13T18:21:03Z">
          <reporter-output>
          </reporter-output>
        </test-method> <!-- sumInt -->
        <test-method status="PASS" signature="sumInt()[pri:0, instance:com.test.InvocationCount@17f6480]" name="sumInt" duration-ms="0" started-at="2018-03-13T18:21:03Z" finished-at="2018-03-13T18:21:03Z">
          <reporter-output>
          </reporter-output>
        </test-method> <!-- sumInt -->
        <test-method status="PASS" signature="sumInt()[pri:0, instance:com.test.InvocationCount@17f6480]" name="sumInt" duration-ms="0" started-at="2018-03-13T18:21:03Z" finished-at="2018-03-13T18:21:03Z">
          <reporter-output>
          </reporter-output>
        </test-method> <!-- sumInt -->
        <test-method status="PASS" signature="sumInt()[pri:0, instance:com.test.InvocationCount@17f6480]" name="sumInt" duration-ms="0" started-at="2018-03-13T18:21:03Z" finished-at="2018-03-13T18:21:03Z">
          <reporter-output>
          </reporter-output>
        </test-method> <!-- sumInt -->
        <test-method status="PASS" signature="sumInt()[pri:0, instance:com.test.InvocationCount@17f6480]" name="sumInt" duration-ms="0" started-at="2018-03-13T18:21:03Z" finished-at="2018-03-13T18:21:03Z">
          <reporter-output>
          </reporter-output>
        </test-method> <!-- sumInt -->
      </class> <!-- com.test.InvocationCount -->
      <class name="com.Parameters.ParameterTest">
        <test-method status="PASS" signature="paranterMethod(java.lang.String)[pri:0, instance:com.Parameters.ParameterTest@3d24753a]" name="paranterMethod" duration-ms="2164" started-at="2018-03-13T18:20:45Z" finished-at="2018-03-13T18:20:48Z">
          <params>
            <param index="0">
              <value>
                <![CDATA[https://login.yahoo.com/?authMechanism=primary\&done=https%3A%2F%2Fwww.yahoo.com%2F\&eid=100\&as=1\&login=jalla_madhavi\&crumb=V9ncILcrOZc]]>
              </value>
            </param>
          </params>
          <reporter-output>
          </reporter-output>
        </test-method> <!-- paranterMethod -->
        <test-method status="PASS" signature="testMethod(java.lang.String)[pri:0, instance:com.Parameters.ParameterTest@3d24753a]" name="testMethod" duration-ms="244" started-at="2018-03-13T18:20:48Z" finished-at="2018-03-13T18:20:48Z">
          <params>
            <param index="0">
              <value>
                <![CDATA[jalla_madhavi@yahoo.com]]>
              </value>
            </param>
          </params>
          <reporter-output>
          </reporter-output>
        </test-method> <!-- testMethod -->
        <test-method status="PASS" signature="tearDown()[pri:0, instance:com.Parameters.ParameterTest@3d24753a]" name="tearDown" is-config="true" duration-ms="76" started-at="2018-03-13T18:20:48Z" finished-at="2018-03-13T18:20:48Z">
          <reporter-output>
          </reporter-output>
        </test-method> <!-- tearDown -->
      </class> <!-- com.Parameters.ParameterTest -->
      <class name="com.test.TestngFeatures">
        <test-method status="PASS" signature="loginTest()[pri:0, instance:com.test.TestngFeatures@2acf57e3]" name="loginTest" duration-ms="0" started-at="2018-03-13T18:21:03Z" finished-at="2018-03-13T18:21:03Z">
          <reporter-output>
          </reporter-output>
        </test-method> <!-- loginTest -->
      </class> <!-- com.test.TestngFeatures -->
      <class name="com.dataProvider.test.dataprovider">
        <test-method status="PASS" signature="setUp()[pri:0, instance:com.dataProvider.test.dataprovider@7a0ac6e3]" name="setUp" is-config="true" duration-ms="1890" started-at="2018-03-13T18:20:48Z" finished-at="2018-03-13T18:20:50Z">
          <reporter-output>
          </reporter-output>
        </test-method> <!-- setUp -->
        <test-method status="PASS" signature="testDataMethod(java.lang.String, java.lang.String, java.lang.String, java.lang.String)[pri:0, instance:com.dataProvider.test.dataprovider@7a0ac6e3]" name="testDataMethod" duration-ms="518" started-at="2018-03-13T18:20:50Z" data-provider="getTestData" finished-at="2018-03-13T18:20:51Z">
          <params>
            <param index="0">
              <value>
                <![CDATA[Tom ]]>
              </value>
            </param>
            <param index="1">
              <value>
                <![CDATA[Brooks]]>
              </value>
            </param>
            <param index="2">
              <value>
                <![CDATA[tbrooks@gmail.com]]>
              </value>
            </param>
            <param index="3">
              <value>
                <![CDATA[Western123]]>
              </value>
            </param>
          </params>
          <reporter-output>
          </reporter-output>
        </test-method> <!-- testDataMethod -->
        <test-method status="PASS" signature="tearDown()[pri:0, instance:com.dataProvider.test.dataprovider@7a0ac6e3]" name="tearDown" is-config="true" duration-ms="74" started-at="2018-03-13T18:20:51Z" finished-at="2018-03-13T18:20:51Z">
          <reporter-output>
          </reporter-output>
        </test-method> <!-- tearDown -->
        <test-method status="PASS" signature="setUp()[pri:0, instance:com.dataProvider.test.dataprovider@7a0ac6e3]" name="setUp" is-config="true" duration-ms="1956" started-at="2018-03-13T18:20:51Z" finished-at="2018-03-13T18:20:53Z">
          <reporter-output>
          </reporter-output>
        </test-method> <!-- setUp -->
        <test-method status="PASS" signature="testDataMethod(java.lang.String, java.lang.String, java.lang.String, java.lang.String)[pri:0, instance:com.dataProvider.test.dataprovider@7a0ac6e3]" name="testDataMethod" duration-ms="540" started-at="2018-03-13T18:20:53Z" data-provider="getTestData" finished-at="2018-03-13T18:20:53Z">
          <params>
            <param index="0">
              <value>
                <![CDATA[Tim]]>
              </value>
            </param>
            <param index="1">
              <value>
                <![CDATA[Cooks]]>
              </value>
            </param>
            <param index="2">
              <value>
                <![CDATA[tCooks@gmail.com]]>
              </value>
            </param>
            <param index="3">
              <value>
                <![CDATA[WesterntCooks123]]>
              </value>
            </param>
          </params>
          <reporter-output>
          </reporter-output>
        </test-method> <!-- testDataMethod -->
        <test-method status="PASS" signature="tearDown()[pri:0, instance:com.dataProvider.test.dataprovider@7a0ac6e3]" name="tearDown" is-config="true" duration-ms="76" started-at="2018-03-13T18:20:53Z" finished-at="2018-03-13T18:20:53Z">
          <reporter-output>
          </reporter-output>
        </test-method> <!-- tearDown -->
        <test-method status="PASS" signature="setUp()[pri:0, instance:com.dataProvider.test.dataprovider@7a0ac6e3]" name="setUp" is-config="true" duration-ms="1954" started-at="2018-03-13T18:20:53Z" finished-at="2018-03-13T18:20:55Z">
          <reporter-output>
          </reporter-output>
        </test-method> <!-- setUp -->
        <test-method status="PASS" signature="testDataMethod(java.lang.String, java.lang.String, java.lang.String, java.lang.String)[pri:0, instance:com.dataProvider.test.dataprovider@7a0ac6e3]" name="testDataMethod" duration-ms="507" started-at="2018-03-13T18:20:55Z" data-provider="getTestData" finished-at="2018-03-13T18:20:56Z">
          <params>
            <param index="0">
              <value>
                <![CDATA[Jerry]]>
              </value>
            </param>
            <param index="1">
              <value>
                <![CDATA[Brown]]>
              </value>
            </param>
            <param index="2">
              <value>
                <![CDATA[jBrown@gmail.com]]>
              </value>
            </param>
            <param index="3">
              <value>
                <![CDATA[WesternjBrown123]]>
              </value>
            </param>
          </params>
          <reporter-output>
          </reporter-output>
        </test-method> <!-- testDataMethod -->
        <test-method status="PASS" signature="tearDown()[pri:0, instance:com.dataProvider.test.dataprovider@7a0ac6e3]" name="tearDown" is-config="true" duration-ms="76" started-at="2018-03-13T18:20:56Z" finished-at="2018-03-13T18:20:56Z">
          <reporter-output>
          </reporter-output>
        </test-method> <!-- tearDown -->
        <test-method status="PASS" signature="setUp()[pri:0, instance:com.dataProvider.test.dataprovider@7a0ac6e3]" name="setUp" is-config="true" duration-ms="1894" started-at="2018-03-13T18:20:56Z" finished-at="2018-03-13T18:20:58Z">
          <reporter-output>
          </reporter-output>
        </test-method> <!-- setUp -->
        <test-method status="PASS" signature="testDataMethod(java.lang.String, java.lang.String, java.lang.String, java.lang.String)[pri:0, instance:com.dataProvider.test.dataprovider@7a0ac6e3]" name="testDataMethod" duration-ms="509" started-at="2018-03-13T18:20:58Z" data-provider="getTestData" finished-at="2018-03-13T18:20:58Z">
          <params>
            <param index="0">
              <value>
                <![CDATA[Samantha]]>
              </value>
            </param>
            <param index="1">
              <value>
                <![CDATA[Jones]]>
              </value>
            </param>
            <param index="2">
              <value>
                <![CDATA[sJones@gmail.com]]>
              </value>
            </param>
            <param index="3">
              <value>
                <![CDATA[Westernjones123]]>
              </value>
            </param>
          </params>
          <reporter-output>
          </reporter-output>
        </test-method> <!-- testDataMethod -->
        <test-method status="PASS" signature="tearDown()[pri:0, instance:com.dataProvider.test.dataprovider@7a0ac6e3]" name="tearDown" is-config="true" duration-ms="78" started-at="2018-03-13T18:20:58Z" finished-at="2018-03-13T18:20:58Z">
          <reporter-output>
          </reporter-output>
        </test-method> <!-- tearDown -->
        <test-method status="PASS" signature="setUp()[pri:0, instance:com.dataProvider.test.dataprovider@7a0ac6e3]" name="setUp" is-config="true" duration-ms="1860" started-at="2018-03-13T18:20:58Z" finished-at="2018-03-13T18:21:00Z">
          <reporter-output>
          </reporter-output>
        </test-method> <!-- setUp -->
        <test-method status="PASS" signature="testDataMethod(java.lang.String, java.lang.String, java.lang.String, java.lang.String)[pri:0, instance:com.dataProvider.test.dataprovider@7a0ac6e3]" name="testDataMethod" duration-ms="491" started-at="2018-03-13T18:21:00Z" data-provider="getTestData" finished-at="2018-03-13T18:21:01Z">
          <params>
            <param index="0">
              <value>
                <![CDATA[James]]>
              </value>
            </param>
            <param index="1">
              <value>
                <![CDATA[Bond]]>
              </value>
            </param>
            <param index="2">
              <value>
                <![CDATA[jBond@gmail.com]]>
              </value>
            </param>
            <param index="3">
              <value>
                <![CDATA[jBond123]]>
              </value>
            </param>
          </params>
          <reporter-output>
          </reporter-output>
        </test-method> <!-- testDataMethod -->
        <test-method status="PASS" signature="tearDown()[pri:0, instance:com.dataProvider.test.dataprovider@7a0ac6e3]" name="tearDown" is-config="true" duration-ms="78" started-at="2018-03-13T18:21:01Z" finished-at="2018-03-13T18:21:01Z">
          <reporter-output>
          </reporter-output>
        </test-method> <!-- tearDown -->
        <test-method status="PASS" signature="setUp()[pri:0, instance:com.dataProvider.test.dataprovider@7a0ac6e3]" name="setUp" is-config="true" duration-ms="1868" started-at="2018-03-13T18:21:01Z" finished-at="2018-03-13T18:21:03Z">
          <reporter-output>
          </reporter-output>
        </test-method> <!-- setUp -->
        <test-method status="PASS" signature="testDataMethod(java.lang.String, java.lang.String, java.lang.String, java.lang.String)[pri:0, instance:com.dataProvider.test.dataprovider@7a0ac6e3]" name="testDataMethod" duration-ms="526" started-at="2018-03-13T18:21:03Z" data-provider="getTestData" finished-at="2018-03-13T18:21:03Z">
          <params>
            <param index="0">
              <value>
                <![CDATA[Kelly]]>
              </value>
            </param>
            <param index="1">
              <value>
                <![CDATA[Clarks]]>
              </value>
            </param>
            <param index="2">
              <value>
                <![CDATA[kClarks@gmail.com]]>
              </value>
            </param>
            <param index="3">
              <value>
                <![CDATA[WesternkClarks123]]>
              </value>
            </param>
          </params>
          <reporter-output>
          </reporter-output>
        </test-method> <!-- testDataMethod -->
        <test-method status="PASS" signature="tearDown()[pri:0, instance:com.dataProvider.test.dataprovider@7a0ac6e3]" name="tearDown" is-config="true" duration-ms="75" started-at="2018-03-13T18:21:03Z" finished-at="2018-03-13T18:21:03Z">
          <reporter-output>
          </reporter-output>
        </test-method> <!-- tearDown -->
      </class> <!-- com.dataProvider.test.dataprovider -->
      <class name="com.test.ExceptionTimeOutTest">
        <test-method status="PASS" signature="infiniteLoopTest()[pri:0, instance:com.test.ExceptionTimeOutTest@71be98f5]" name="infiniteLoopTest" duration-ms="0" started-at="2018-03-13T18:21:03Z" finished-at="2018-03-13T18:21:03Z">
          <exception class="java.lang.NumberFormatException">
            <message>
              <![CDATA[For input string: "1C"]]>
            </message>
            <full-stacktrace>
              <![CDATA[java.lang.NumberFormatException: For input string: "1C"
at java.lang.NumberFormatException.forInputString(NumberFormatException.java:65)
at java.lang.Integer.parseInt(Integer.java:580)
at java.lang.Integer.parseInt(Integer.java:615)
at com.test.ExceptionTimeOutTest.infiniteLoopTest(ExceptionTimeOutTest.java:13)
at sun.reflect.NativeMethodAccessorImpl.invoke0(Native Method)
at sun.reflect.NativeMethodAccessorImpl.invoke(NativeMethodAccessorImpl.java:62)
at sun.reflect.DelegatingMethodAccessorImpl.invoke(DelegatingMethodAccessorImpl.java:43)
at java.lang.reflect.Method.invoke(Method.java:498)
at org.testng.internal.MethodInvocationHelper.invokeMethod(MethodInvocationHelper.java:124)
at org.testng.internal.Invoker.invokeMethod(Invoker.java:580)
at org.testng.internal.Invoker.invokeTestMethod(Invoker.java:716)
at org.testng.internal.Invoker.invokeTestMethods(Invoker.java:988)
at org.testng.internal.TestMethodWorker.invokeTestMethods(TestMethodWorker.java:125)
at org.testng.internal.TestMethodWorker.run(TestMethodWorker.java:109)
at org.testng.TestRunner.privateRun(TestRunner.java:648)
at org.testng.TestRunner.run(TestRunner.java:505)
at org.testng.SuiteRunner.runTest(SuiteRunner.java:455)
at org.testng.SuiteRunner.runSequentially(SuiteRunner.java:450)
at org.testng.SuiteRunner.privateRun(SuiteRunner.java:415)
at org.testng.SuiteRunner.run(SuiteRunner.java:364)
at org.testng.SuiteRunnerWorker.runSuite(SuiteRunnerWorker.java:52)
at org.testng.SuiteRunnerWorker.run(SuiteRunnerWorker.java:84)
at org.testng.TestNG.runSuitesSequentially(TestNG.java:1208)
at org.testng.TestNG.runSuitesLocally(TestNG.java:1137)
at org.testng.TestNG.runSuites(TestNG.java:1049)
at org.testng.TestNG.run(TestNG.java:1017)
at org.testng.IDEARemoteTestNG.run(IDEARemoteTestNG.java:72)
at org.testng.RemoteTestNGStarter.main(RemoteTestNGStarter.java:123)
]]>
            </full-stacktrace>
          </exception> <!-- java.lang.NumberFormatException -->
          <reporter-output>
          </reporter-output>
        </test-method> <!-- infiniteLoopTest -->
      </class> <!-- com.test.ExceptionTimeOutTest -->
    </test> <!-- /Users/ratnajalla/testNgProject -->
  </suite> <!-- All Test Suite -->
</testng-results>
